{"/home/jekyll/Documents/Projects/node-test/index.js":{"path":"/home/jekyll/Documents/Projects/node-test/index.js","s":{"1":1,"2":1,"3":1},"b":{},"f":{},"fnMap":{},"statementMap":{"1":{"start":{"line":1,"column":0},"end":{"line":1,"column":31}},"2":{"start":{"line":3,"column":0},"end":{"line":3,"column":54}},"3":{"start":{"line":3,"column":31},"end":{"line":3,"column":53}}},"branchMap":{}},"/home/jekyll/Documents/Projects/node-test/lib/Hg.js":{"path":"/home/jekyll/Documents/Projects/node-test/lib/Hg.js","s":{"1":1,"2":1,"3":1,"4":1,"5":1,"6":1,"7":1,"8":3,"9":3,"10":0,"11":3,"12":0,"13":3,"14":3,"15":1,"16":2,"17":2,"18":2,"19":2,"20":2,"21":2,"22":2,"23":0,"24":0,"25":2,"26":2,"27":2,"28":1,"29":1,"30":0,"31":1,"32":2,"33":2,"34":1,"35":1,"36":1,"37":1,"38":0,"39":1,"40":1,"41":2,"42":1,"43":1,"44":2,"45":1,"46":1,"47":1,"48":0,"49":0,"50":1,"51":1,"52":1},"b":{"1":[0,3],"2":[0,3],"3":[0,1],"4":[1,1],"5":[2,2],"6":[0,1]},"f":{"1":3,"2":2,"3":2,"4":1,"5":2,"6":1,"7":0,"8":1,"9":1},"fnMap":{"1":{"name":"getAuthenticatedURL","line":9,"loc":{"start":{"line":9,"column":0},"end":{"line":9,"column":39}}},"2":{"name":"mergeRepositories","line":22,"loc":{"start":{"line":22,"column":0},"end":{"line":22,"column":51}}},"3":{"name":"cloneOrMergeMany","line":44,"loc":{"start":{"line":44,"column":0},"end":{"line":44,"column":48}}},"4":{"name":"(anonymous_4)","line":65,"loc":{"start":{"line":65,"column":13},"end":{"line":65,"column":41}}},"5":{"name":"(anonymous_5)","line":86,"loc":{"start":{"line":86,"column":7},"end":{"line":86,"column":48}}},"6":{"name":"(anonymous_6)","line":103,"loc":{"start":{"line":103,"column":8},"end":{"line":103,"column":43}}},"7":{"name":"(anonymous_7)","line":120,"loc":{"start":{"line":120,"column":8},"end":{"line":120,"column":70}}},"8":{"name":"(anonymous_8)","line":134,"loc":{"start":{"line":134,"column":9},"end":{"line":134,"column":28}}},"9":{"name":"(anonymous_9)","line":138,"loc":{"start":{"line":138,"column":16},"end":{"line":138,"column":35}}}},"statementMap":{"1":{"start":{"line":1,"column":0},"end":{"line":1,"column":36}},"2":{"start":{"line":2,"column":0},"end":{"line":2,"column":35}},"3":{"start":{"line":3,"column":0},"end":{"line":3,"column":39}},"4":{"start":{"line":4,"column":0},"end":{"line":4,"column":29}},"5":{"start":{"line":6,"column":0},"end":{"line":6,"column":35}},"6":{"start":{"line":7,"column":0},"end":{"line":7,"column":44}},"7":{"start":{"line":9,"column":0},"end":{"line":20,"column":1}},"8":{"start":{"line":10,"column":2},"end":{"line":10,"column":14}},"9":{"start":{"line":12,"column":2},"end":{"line":12,"column":71}},"10":{"start":{"line":12,"column":36},"end":{"line":12,"column":71}},"11":{"start":{"line":13,"column":2},"end":{"line":17,"column":3}},"12":{"start":{"line":14,"column":4},"end":{"line":14,"column":99}},"13":{"start":{"line":16,"column":4},"end":{"line":16,"column":27}},"14":{"start":{"line":19,"column":2},"end":{"line":19,"column":17}},"15":{"start":{"line":22,"column":0},"end":{"line":42,"column":1}},"16":{"start":{"line":23,"column":2},"end":{"line":23,"column":40}},"17":{"start":{"line":24,"column":2},"end":{"line":24,"column":47}},"18":{"start":{"line":25,"column":2},"end":{"line":25,"column":49}},"19":{"start":{"line":26,"column":2},"end":{"line":26,"column":31}},"20":{"start":{"line":28,"column":2},"end":{"line":41,"column":7}},"21":{"start":{"line":29,"column":16},"end":{"line":29,"column":69}},"22":{"start":{"line":30,"column":16},"end":{"line":30,"column":81}},"23":{"start":{"line":32,"column":6},"end":{"line":32,"column":28}},"24":{"start":{"line":33,"column":6},"end":{"line":33,"column":72}},"25":{"start":{"line":35,"column":16},"end":{"line":35,"column":55}},"26":{"start":{"line":36,"column":16},"end":{"line":36,"column":92}},"27":{"start":{"line":37,"column":16},"end":{"line":37,"column":36}},"28":{"start":{"line":38,"column":16},"end":{"line":38,"column":72}},"29":{"start":{"line":40,"column":6},"end":{"line":40,"column":83}},"30":{"start":{"line":40,"column":63},"end":{"line":40,"column":83}},"31":{"start":{"line":44,"column":0},"end":{"line":59,"column":1}},"32":{"start":{"line":45,"column":2},"end":{"line":45,"column":45}},"33":{"start":{"line":47,"column":2},"end":{"line":58,"column":3}},"34":{"start":{"line":48,"column":4},"end":{"line":48,"column":47}},"35":{"start":{"line":50,"column":4},"end":{"line":51,"column":27}},"36":{"start":{"line":51,"column":18},"end":{"line":51,"column":25}},"37":{"start":{"line":52,"column":9},"end":{"line":58,"column":3}},"38":{"start":{"line":53,"column":4},"end":{"line":53,"column":88}},"39":{"start":{"line":55,"column":4},"end":{"line":57,"column":27}},"40":{"start":{"line":56,"column":18},"end":{"line":56,"column":86}},"41":{"start":{"line":56,"column":49},"end":{"line":56,"column":85}},"42":{"start":{"line":57,"column":18},"end":{"line":57,"column":25}},"43":{"start":{"line":66,"column":4},"end":{"line":66,"column":33}},"44":{"start":{"line":87,"column":4},"end":{"line":88,"column":24}},"45":{"start":{"line":104,"column":4},"end":{"line":104,"column":52}},"46":{"start":{"line":106,"column":4},"end":{"line":108,"column":24}},"47":{"start":{"line":107,"column":18},"end":{"line":107,"column":25}},"48":{"start":{"line":121,"column":4},"end":{"line":121,"column":49}},"49":{"start":{"line":123,"column":4},"end":{"line":124,"column":24}},"50":{"start":{"line":135,"column":4},"end":{"line":135,"column":42}},"51":{"start":{"line":139,"column":4},"end":{"line":140,"column":24}},"52":{"start":{"line":145,"column":0},"end":{"line":145,"column":20}}},"branchMap":{"1":{"line":12,"type":"if","locations":[{"start":{"line":12,"column":2},"end":{"line":12,"column":2}},{"start":{"line":12,"column":2},"end":{"line":12,"column":2}}]},"2":{"line":13,"type":"if","locations":[{"start":{"line":13,"column":2},"end":{"line":13,"column":2}},{"start":{"line":13,"column":2},"end":{"line":13,"column":2}}]},"3":{"line":40,"type":"if","locations":[{"start":{"line":40,"column":6},"end":{"line":40,"column":6}},{"start":{"line":40,"column":6},"end":{"line":40,"column":6}}]},"4":{"line":47,"type":"if","locations":[{"start":{"line":47,"column":2},"end":{"line":47,"column":2}},{"start":{"line":47,"column":2},"end":{"line":47,"column":2}}]},"5":{"line":47,"type":"binary-expr","locations":[{"start":{"line":47,"column":6},"end":{"line":47,"column":30}},{"start":{"line":47,"column":34},"end":{"line":47,"column":54}}]},"6":{"line":52,"type":"if","locations":[{"start":{"line":52,"column":9},"end":{"line":52,"column":9}},{"start":{"line":52,"column":9},"end":{"line":52,"column":9}}]}}},"/home/jekyll/Documents/Projects/node-test/lib/HgRepo.js":{"path":"/home/jekyll/Documents/Projects/node-test/lib/HgRepo.js","s":{"1":1,"2":1,"3":1,"4":1,"5":1,"6":0,"7":0,"8":0,"9":1,"10":10,"11":10,"12":10,"13":10,"14":10,"15":10,"16":10,"17":8,"18":9,"19":1,"20":8,"21":3,"22":3,"23":3,"24":0,"25":3,"26":0,"27":3,"28":0,"29":3,"30":0,"31":3,"32":0,"33":0,"34":0,"35":0,"36":0,"37":0,"38":0,"39":0,"40":0,"41":0,"42":0,"43":0,"44":0,"45":0,"46":0,"47":0,"48":3,"49":3,"50":3,"51":3,"52":3,"53":0,"54":3,"55":0,"56":3,"57":0,"58":3,"59":0,"60":3,"61":0,"62":3,"63":0,"64":3,"65":0,"66":3,"67":3,"68":3,"69":3,"70":3,"71":3,"72":3,"73":0,"74":3,"75":0,"76":3,"77":1,"78":1,"79":1,"80":0,"81":1,"82":1,"83":2,"84":2,"85":2,"86":2,"87":0,"88":2,"89":0,"90":2,"91":0,"92":2,"93":0,"94":2,"95":0,"96":2,"97":2,"98":2,"99":0,"100":2,"101":0,"102":2,"103":0,"104":2,"105":0,"106":2},"b":{"1":[0,0],"2":[1,8],"3":[0,3],"4":[0,3],"5":[0,3],"6":[0,3],"7":[0,0],"8":[0,0],"9":[0,0],"10":[0,0],"11":[0,0],"12":[0,0],"13":[0,0],"14":[3,0],"15":[0,3],"16":[0,3],"17":[0,3],"18":[0,3],"19":[0,3],"20":[0,3],"21":[0,3],"22":[3,0],"23":[3,0],"24":[0,3],"25":[0,3],"26":[0,1],"27":[0,2],"28":[0,2],"29":[0,2],"30":[0,2],"31":[0,2],"32":[0,2],"33":[0,2],"34":[0,2],"35":[0,2]},"f":{"1":1,"2":10,"3":8,"4":9,"5":3,"6":0,"7":3,"8":3,"9":1,"10":2,"11":2},"fnMap":{"1":{"name":"ensureGitify","line":5,"loc":{"start":{"line":5,"column":0},"end":{"line":5,"column":34}}},"2":{"name":"(anonymous_2)","line":36,"loc":{"start":{"line":36,"column":13},"end":{"line":36,"column":115}}},"3":{"name":"(anonymous_3)","line":54,"loc":{"start":{"line":54,"column":6},"end":{"line":54,"column":25}}},"4":{"name":"(anonymous_4)","line":67,"loc":{"start":{"line":67,"column":8},"end":{"line":67,"column":36}}},"5":{"name":"(anonymous_5)","line":87,"loc":{"start":{"line":87,"column":5},"end":{"line":87,"column":113}}},"6":{"name":"(anonymous_6)","line":115,"loc":{"start":{"line":115,"column":6},"end":{"line":123,"column":22}}},"7":{"name":"(anonymous_7)","line":154,"loc":{"start":{"line":154,"column":6},"end":{"line":164,"column":22}}},"8":{"name":"(anonymous_8)","line":194,"loc":{"start":{"line":194,"column":8},"end":{"line":195,"column":22}}},"9":{"name":"(anonymous_9)","line":216,"loc":{"start":{"line":216,"column":8},"end":{"line":216,"column":79}}},"10":{"name":"(anonymous_10)","line":242,"loc":{"start":{"line":242,"column":8},"end":{"line":251,"column":22}}},"11":{"name":"(anonymous_11)","line":278,"loc":{"start":{"line":278,"column":7},"end":{"line":278,"column":98}}}},"statementMap":{"1":{"start":{"line":1,"column":0},"end":{"line":1,"column":39}},"2":{"start":{"line":2,"column":0},"end":{"line":2,"column":44}},"3":{"start":{"line":3,"column":0},"end":{"line":3,"column":29}},"4":{"start":{"line":5,"column":0},"end":{"line":14,"column":1}},"5":{"start":{"line":6,"column":2},"end":{"line":13,"column":7}},"6":{"start":{"line":8,"column":6},"end":{"line":10,"column":7}},"7":{"start":{"line":9,"column":8},"end":{"line":9,"column":33}},"8":{"start":{"line":12,"column":6},"end":{"line":12,"column":80}},"9":{"start":{"line":35,"column":0},"end":{"line":289,"column":2}},"10":{"start":{"line":37,"column":4},"end":{"line":37,"column":29}},"11":{"start":{"line":38,"column":4},"end":{"line":38,"column":37}},"12":{"start":{"line":39,"column":4},"end":{"line":39,"column":37}},"13":{"start":{"line":40,"column":4},"end":{"line":40,"column":27}},"14":{"start":{"line":41,"column":4},"end":{"line":41,"column":44}},"15":{"start":{"line":42,"column":4},"end":{"line":42,"column":33}},"16":{"start":{"line":44,"column":4},"end":{"line":44,"column":32}},"17":{"start":{"line":55,"column":4},"end":{"line":56,"column":24}},"18":{"start":{"line":68,"column":4},"end":{"line":68,"column":67}},"19":{"start":{"line":68,"column":18},"end":{"line":68,"column":67}},"20":{"start":{"line":70,"column":4},"end":{"line":71,"column":24}},"21":{"start":{"line":88,"column":4},"end":{"line":88,"column":26}},"22":{"start":{"line":90,"column":4},"end":{"line":90,"column":45}},"23":{"start":{"line":92,"column":4},"end":{"line":92,"column":67}},"24":{"start":{"line":92,"column":25},"end":{"line":92,"column":67}},"25":{"start":{"line":93,"column":4},"end":{"line":93,"column":67}},"26":{"start":{"line":93,"column":25},"end":{"line":93,"column":67}},"27":{"start":{"line":94,"column":4},"end":{"line":94,"column":49}},"28":{"start":{"line":94,"column":26},"end":{"line":94,"column":49}},"29":{"start":{"line":95,"column":4},"end":{"line":95,"column":47}},"30":{"start":{"line":95,"column":24},"end":{"line":95,"column":47}},"31":{"start":{"line":97,"column":4},"end":{"line":98,"column":24}},"32":{"start":{"line":124,"column":4},"end":{"line":124,"column":26}},"33":{"start":{"line":126,"column":4},"end":{"line":126,"column":46}},"34":{"start":{"line":126,"column":23},"end":{"line":126,"column":46}},"35":{"start":{"line":127,"column":4},"end":{"line":127,"column":69}},"36":{"start":{"line":127,"column":26},"end":{"line":127,"column":69}},"37":{"start":{"line":128,"column":4},"end":{"line":128,"column":69}},"38":{"start":{"line":128,"column":26},"end":{"line":128,"column":69}},"39":{"start":{"line":129,"column":4},"end":{"line":129,"column":65}},"40":{"start":{"line":129,"column":24},"end":{"line":129,"column":65}},"41":{"start":{"line":130,"column":4},"end":{"line":130,"column":60}},"42":{"start":{"line":130,"column":27},"end":{"line":130,"column":60}},"43":{"start":{"line":131,"column":4},"end":{"line":131,"column":59}},"44":{"start":{"line":131,"column":21},"end":{"line":131,"column":59}},"45":{"start":{"line":132,"column":4},"end":{"line":132,"column":57}},"46":{"start":{"line":132,"column":26},"end":{"line":132,"column":57}},"47":{"start":{"line":134,"column":4},"end":{"line":135,"column":24}},"48":{"start":{"line":165,"column":4},"end":{"line":165,"column":26}},"49":{"start":{"line":167,"column":4},"end":{"line":167,"column":36}},"50":{"start":{"line":169,"column":4},"end":{"line":169,"column":46}},"51":{"start":{"line":169,"column":23},"end":{"line":169,"column":46}},"52":{"start":{"line":170,"column":4},"end":{"line":170,"column":47}},"53":{"start":{"line":170,"column":24},"end":{"line":170,"column":47}},"54":{"start":{"line":171,"column":4},"end":{"line":171,"column":69}},"55":{"start":{"line":171,"column":26},"end":{"line":171,"column":69}},"56":{"start":{"line":172,"column":4},"end":{"line":172,"column":69}},"57":{"start":{"line":172,"column":26},"end":{"line":172,"column":69}},"58":{"start":{"line":173,"column":4},"end":{"line":173,"column":65}},"59":{"start":{"line":173,"column":24},"end":{"line":173,"column":65}},"60":{"start":{"line":174,"column":4},"end":{"line":174,"column":60}},"61":{"start":{"line":174,"column":27},"end":{"line":174,"column":60}},"62":{"start":{"line":175,"column":4},"end":{"line":175,"column":59}},"63":{"start":{"line":175,"column":21},"end":{"line":175,"column":59}},"64":{"start":{"line":176,"column":4},"end":{"line":176,"column":57}},"65":{"start":{"line":176,"column":26},"end":{"line":176,"column":57}},"66":{"start":{"line":178,"column":4},"end":{"line":179,"column":24}},"67":{"start":{"line":196,"column":4},"end":{"line":196,"column":26}},"68":{"start":{"line":198,"column":4},"end":{"line":198,"column":46}},"69":{"start":{"line":198,"column":23},"end":{"line":198,"column":46}},"70":{"start":{"line":199,"column":4},"end":{"line":199,"column":69}},"71":{"start":{"line":199,"column":26},"end":{"line":199,"column":69}},"72":{"start":{"line":200,"column":4},"end":{"line":200,"column":46}},"73":{"start":{"line":200,"column":23},"end":{"line":200,"column":46}},"74":{"start":{"line":201,"column":4},"end":{"line":201,"column":61}},"75":{"start":{"line":201,"column":22},"end":{"line":201,"column":61}},"76":{"start":{"line":203,"column":4},"end":{"line":204,"column":24}},"77":{"start":{"line":217,"column":4},"end":{"line":217,"column":79}},"78":{"start":{"line":219,"column":4},"end":{"line":226,"column":24}},"79":{"start":{"line":221,"column":8},"end":{"line":221,"column":120}},"80":{"start":{"line":221,"column":44},"end":{"line":221,"column":120}},"81":{"start":{"line":223,"column":8},"end":{"line":223,"column":45}},"82":{"start":{"line":225,"column":18},"end":{"line":225,"column":102}},"83":{"start":{"line":252,"column":4},"end":{"line":252,"column":26}},"84":{"start":{"line":254,"column":4},"end":{"line":254,"column":28}},"85":{"start":{"line":255,"column":4},"end":{"line":255,"column":33}},"86":{"start":{"line":256,"column":4},"end":{"line":256,"column":46}},"87":{"start":{"line":256,"column":23},"end":{"line":256,"column":46}},"88":{"start":{"line":257,"column":4},"end":{"line":257,"column":46}},"89":{"start":{"line":257,"column":23},"end":{"line":257,"column":46}},"90":{"start":{"line":258,"column":4},"end":{"line":258,"column":67}},"91":{"start":{"line":258,"column":25},"end":{"line":258,"column":67}},"92":{"start":{"line":259,"column":4},"end":{"line":259,"column":67}},"93":{"start":{"line":259,"column":25},"end":{"line":259,"column":67}},"94":{"start":{"line":260,"column":4},"end":{"line":260,"column":47}},"95":{"start":{"line":260,"column":24},"end":{"line":260,"column":47}},"96":{"start":{"line":262,"column":4},"end":{"line":263,"column":24}},"97":{"start":{"line":279,"column":4},"end":{"line":279,"column":26}},"98":{"start":{"line":281,"column":4},"end":{"line":281,"column":46}},"99":{"start":{"line":281,"column":23},"end":{"line":281,"column":46}},"100":{"start":{"line":282,"column":4},"end":{"line":282,"column":69}},"101":{"start":{"line":282,"column":26},"end":{"line":282,"column":69}},"102":{"start":{"line":283,"column":4},"end":{"line":283,"column":48}},"103":{"start":{"line":283,"column":25},"end":{"line":283,"column":48}},"104":{"start":{"line":284,"column":4},"end":{"line":284,"column":61}},"105":{"start":{"line":284,"column":22},"end":{"line":284,"column":61}},"106":{"start":{"line":286,"column":4},"end":{"line":287,"column":24}}},"branchMap":{"1":{"line":8,"type":"if","locations":[{"start":{"line":8,"column":6},"end":{"line":8,"column":6}},{"start":{"line":8,"column":6},"end":{"line":8,"column":6}}]},"2":{"line":68,"type":"if","locations":[{"start":{"line":68,"column":4},"end":{"line":68,"column":4}},{"start":{"line":68,"column":4},"end":{"line":68,"column":4}}]},"3":{"line":92,"type":"if","locations":[{"start":{"line":92,"column":4},"end":{"line":92,"column":4}},{"start":{"line":92,"column":4},"end":{"line":92,"column":4}}]},"4":{"line":93,"type":"if","locations":[{"start":{"line":93,"column":4},"end":{"line":93,"column":4}},{"start":{"line":93,"column":4},"end":{"line":93,"column":4}}]},"5":{"line":94,"type":"if","locations":[{"start":{"line":94,"column":4},"end":{"line":94,"column":4}},{"start":{"line":94,"column":4},"end":{"line":94,"column":4}}]},"6":{"line":95,"type":"if","locations":[{"start":{"line":95,"column":4},"end":{"line":95,"column":4}},{"start":{"line":95,"column":4},"end":{"line":95,"column":4}}]},"7":{"line":126,"type":"if","locations":[{"start":{"line":126,"column":4},"end":{"line":126,"column":4}},{"start":{"line":126,"column":4},"end":{"line":126,"column":4}}]},"8":{"line":127,"type":"if","locations":[{"start":{"line":127,"column":4},"end":{"line":127,"column":4}},{"start":{"line":127,"column":4},"end":{"line":127,"column":4}}]},"9":{"line":128,"type":"if","locations":[{"start":{"line":128,"column":4},"end":{"line":128,"column":4}},{"start":{"line":128,"column":4},"end":{"line":128,"column":4}}]},"10":{"line":129,"type":"if","locations":[{"start":{"line":129,"column":4},"end":{"line":129,"column":4}},{"start":{"line":129,"column":4},"end":{"line":129,"column":4}}]},"11":{"line":130,"type":"if","locations":[{"start":{"line":130,"column":4},"end":{"line":130,"column":4}},{"start":{"line":130,"column":4},"end":{"line":130,"column":4}}]},"12":{"line":131,"type":"if","locations":[{"start":{"line":131,"column":4},"end":{"line":131,"column":4}},{"start":{"line":131,"column":4},"end":{"line":131,"column":4}}]},"13":{"line":132,"type":"if","locations":[{"start":{"line":132,"column":4},"end":{"line":132,"column":4}},{"start":{"line":132,"column":4},"end":{"line":132,"column":4}}]},"14":{"line":169,"type":"if","locations":[{"start":{"line":169,"column":4},"end":{"line":169,"column":4}},{"start":{"line":169,"column":4},"end":{"line":169,"column":4}}]},"15":{"line":170,"type":"if","locations":[{"start":{"line":170,"column":4},"end":{"line":170,"column":4}},{"start":{"line":170,"column":4},"end":{"line":170,"column":4}}]},"16":{"line":171,"type":"if","locations":[{"start":{"line":171,"column":4},"end":{"line":171,"column":4}},{"start":{"line":171,"column":4},"end":{"line":171,"column":4}}]},"17":{"line":172,"type":"if","locations":[{"start":{"line":172,"column":4},"end":{"line":172,"column":4}},{"start":{"line":172,"column":4},"end":{"line":172,"column":4}}]},"18":{"line":173,"type":"if","locations":[{"start":{"line":173,"column":4},"end":{"line":173,"column":4}},{"start":{"line":173,"column":4},"end":{"line":173,"column":4}}]},"19":{"line":174,"type":"if","locations":[{"start":{"line":174,"column":4},"end":{"line":174,"column":4}},{"start":{"line":174,"column":4},"end":{"line":174,"column":4}}]},"20":{"line":175,"type":"if","locations":[{"start":{"line":175,"column":4},"end":{"line":175,"column":4}},{"start":{"line":175,"column":4},"end":{"line":175,"column":4}}]},"21":{"line":176,"type":"if","locations":[{"start":{"line":176,"column":4},"end":{"line":176,"column":4}},{"start":{"line":176,"column":4},"end":{"line":176,"column":4}}]},"22":{"line":198,"type":"if","locations":[{"start":{"line":198,"column":4},"end":{"line":198,"column":4}},{"start":{"line":198,"column":4},"end":{"line":198,"column":4}}]},"23":{"line":199,"type":"if","locations":[{"start":{"line":199,"column":4},"end":{"line":199,"column":4}},{"start":{"line":199,"column":4},"end":{"line":199,"column":4}}]},"24":{"line":200,"type":"if","locations":[{"start":{"line":200,"column":4},"end":{"line":200,"column":4}},{"start":{"line":200,"column":4},"end":{"line":200,"column":4}}]},"25":{"line":201,"type":"if","locations":[{"start":{"line":201,"column":4},"end":{"line":201,"column":4}},{"start":{"line":201,"column":4},"end":{"line":201,"column":4}}]},"26":{"line":221,"type":"if","locations":[{"start":{"line":221,"column":8},"end":{"line":221,"column":8}},{"start":{"line":221,"column":8},"end":{"line":221,"column":8}}]},"27":{"line":256,"type":"if","locations":[{"start":{"line":256,"column":4},"end":{"line":256,"column":4}},{"start":{"line":256,"column":4},"end":{"line":256,"column":4}}]},"28":{"line":257,"type":"if","locations":[{"start":{"line":257,"column":4},"end":{"line":257,"column":4}},{"start":{"line":257,"column":4},"end":{"line":257,"column":4}}]},"29":{"line":258,"type":"if","locations":[{"start":{"line":258,"column":4},"end":{"line":258,"column":4}},{"start":{"line":258,"column":4},"end":{"line":258,"column":4}}]},"30":{"line":259,"type":"if","locations":[{"start":{"line":259,"column":4},"end":{"line":259,"column":4}},{"start":{"line":259,"column":4},"end":{"line":259,"column":4}}]},"31":{"line":260,"type":"if","locations":[{"start":{"line":260,"column":4},"end":{"line":260,"column":4}},{"start":{"line":260,"column":4},"end":{"line":260,"column":4}}]},"32":{"line":281,"type":"if","locations":[{"start":{"line":281,"column":4},"end":{"line":281,"column":4}},{"start":{"line":281,"column":4},"end":{"line":281,"column":4}}]},"33":{"line":282,"type":"if","locations":[{"start":{"line":282,"column":4},"end":{"line":282,"column":4}},{"start":{"line":282,"column":4},"end":{"line":282,"column":4}}]},"34":{"line":283,"type":"if","locations":[{"start":{"line":283,"column":4},"end":{"line":283,"column":4}},{"start":{"line":283,"column":4},"end":{"line":283,"column":4}}]},"35":{"line":284,"type":"if","locations":[{"start":{"line":284,"column":4},"end":{"line":284,"column":4}},{"start":{"line":284,"column":4},"end":{"line":284,"column":4}}]}}},"/home/jekyll/Documents/Projects/node-test/utils/Command.js":{"path":"/home/jekyll/Documents/Projects/node-test/utils/Command.js","s":{"1":1,"2":1,"3":1,"4":46,"5":46,"6":46,"7":46,"8":46,"9":3,"10":3,"11":43,"12":1},"b":{"1":[3,43]},"f":{"1":46},"fnMap":{"1":{"name":"run","line":4,"loc":{"start":{"line":4,"column":0},"end":{"line":4,"column":63}}}},"statementMap":{"1":{"start":{"line":1,"column":0},"end":{"line":1,"column":43}},"2":{"start":{"line":2,"column":0},"end":{"line":2,"column":36}},"3":{"start":{"line":4,"column":0},"end":{"line":17,"column":1}},"4":{"start":{"line":5,"column":2},"end":{"line":16,"column":5}},"5":{"start":{"line":6,"column":4},"end":{"line":6,"column":60}},"6":{"start":{"line":8,"column":4},"end":{"line":15,"column":7}},"7":{"start":{"line":9,"column":6},"end":{"line":9,"column":47}},"8":{"start":{"line":10,"column":6},"end":{"line":13,"column":7}},"9":{"start":{"line":11,"column":8},"end":{"line":11,"column":23}},"10":{"start":{"line":12,"column":8},"end":{"line":12,"column":15}},"11":{"start":{"line":14,"column":6},"end":{"line":14,"column":22}},"12":{"start":{"line":19,"column":0},"end":{"line":21,"column":2}}},"branchMap":{"1":{"line":10,"type":"if","locations":[{"start":{"line":10,"column":6},"end":{"line":10,"column":6}},{"start":{"line":10,"column":6},"end":{"line":10,"column":6}}]}}}}