TN:
SF:/home/jekyll/Documents/Projects/node-test/index.js
FNF:0
FNH:0
DA:1,1
DA:3,1
LF:2
LH:2
BRF:0
BRH:0
end_of_record
TN:
SF:/home/jekyll/Documents/Projects/node-test/lib/Hg.js
FN:9,getAuthenticatedURL
FN:22,mergeRepositories
FN:44,cloneOrMergeMany
FN:65,(anonymous_4)
FN:86,(anonymous_5)
FN:103,(anonymous_6)
FN:120,(anonymous_7)
FN:134,(anonymous_8)
FN:138,(anonymous_9)
FNF:9
FNH:8
FNDA:3,getAuthenticatedURL
FNDA:2,mergeRepositories
FNDA:2,cloneOrMergeMany
FNDA:1,(anonymous_4)
FNDA:2,(anonymous_5)
FNDA:1,(anonymous_6)
FNDA:0,(anonymous_7)
FNDA:1,(anonymous_8)
FNDA:1,(anonymous_9)
DA:1,1
DA:2,1
DA:3,1
DA:4,1
DA:6,1
DA:7,1
DA:9,1
DA:10,3
DA:12,3
DA:13,3
DA:14,0
DA:16,3
DA:19,3
DA:22,1
DA:23,2
DA:24,2
DA:25,2
DA:26,2
DA:28,2
DA:29,2
DA:30,2
DA:32,0
DA:33,0
DA:35,2
DA:36,2
DA:37,2
DA:38,1
DA:40,1
DA:44,1
DA:45,2
DA:47,2
DA:48,1
DA:50,1
DA:51,1
DA:52,1
DA:53,0
DA:55,1
DA:56,2
DA:57,1
DA:66,1
DA:87,2
DA:104,1
DA:106,1
DA:107,1
DA:121,0
DA:123,0
DA:135,1
DA:139,1
DA:145,1
LF:49
LH:43
BRDA:12,1,0,0
BRDA:12,1,1,3
BRDA:13,2,0,0
BRDA:13,2,1,3
BRDA:40,3,0,0
BRDA:40,3,1,1
BRDA:47,4,0,1
BRDA:47,4,1,1
BRDA:47,5,0,2
BRDA:47,5,1,2
BRDA:52,6,0,0
BRDA:52,6,1,1
BRF:12
BRH:8
end_of_record
TN:
SF:/home/jekyll/Documents/Projects/node-test/lib/HgRepo.js
FN:5,ensureGitify
FN:36,(anonymous_2)
FN:54,(anonymous_3)
FN:67,(anonymous_4)
FN:87,(anonymous_5)
FN:115,(anonymous_6)
FN:154,(anonymous_7)
FN:194,(anonymous_8)
FN:216,(anonymous_9)
FN:242,(anonymous_10)
FN:278,(anonymous_11)
FNF:11
FNH:10
FNDA:1,ensureGitify
FNDA:10,(anonymous_2)
FNDA:8,(anonymous_3)
FNDA:9,(anonymous_4)
FNDA:3,(anonymous_5)
FNDA:0,(anonymous_6)
FNDA:3,(anonymous_7)
FNDA:3,(anonymous_8)
FNDA:1,(anonymous_9)
FNDA:2,(anonymous_10)
FNDA:2,(anonymous_11)
DA:1,1
DA:2,1
DA:3,1
DA:5,1
DA:6,1
DA:8,0
DA:9,0
DA:12,0
DA:35,1
DA:37,10
DA:38,10
DA:39,10
DA:40,10
DA:41,10
DA:42,10
DA:44,10
DA:55,8
DA:68,9
DA:70,8
DA:88,3
DA:90,3
DA:92,3
DA:93,3
DA:94,3
DA:95,3
DA:97,3
DA:124,0
DA:126,0
DA:127,0
DA:128,0
DA:129,0
DA:130,0
DA:131,0
DA:132,0
DA:134,0
DA:165,3
DA:167,3
DA:169,3
DA:170,3
DA:171,3
DA:172,3
DA:173,3
DA:174,3
DA:175,3
DA:176,3
DA:178,3
DA:196,3
DA:198,3
DA:199,3
DA:200,3
DA:201,3
DA:203,3
DA:217,1
DA:219,1
DA:221,1
DA:223,1
DA:225,1
DA:252,2
DA:254,2
DA:255,2
DA:256,2
DA:257,2
DA:258,2
DA:259,2
DA:260,2
DA:262,2
DA:279,2
DA:281,2
DA:282,2
DA:283,2
DA:284,2
DA:286,2
LF:72
LH:60
BRDA:8,1,0,0
BRDA:8,1,1,0
BRDA:68,2,0,1
BRDA:68,2,1,8
BRDA:92,3,0,0
BRDA:92,3,1,3
BRDA:93,4,0,0
BRDA:93,4,1,3
BRDA:94,5,0,0
BRDA:94,5,1,3
BRDA:95,6,0,0
BRDA:95,6,1,3
BRDA:126,7,0,0
BRDA:126,7,1,0
BRDA:127,8,0,0
BRDA:127,8,1,0
BRDA:128,9,0,0
BRDA:128,9,1,0
BRDA:129,10,0,0
BRDA:129,10,1,0
BRDA:130,11,0,0
BRDA:130,11,1,0
BRDA:131,12,0,0
BRDA:131,12,1,0
BRDA:132,13,0,0
BRDA:132,13,1,0
BRDA:169,14,0,3
BRDA:169,14,1,0
BRDA:170,15,0,0
BRDA:170,15,1,3
BRDA:171,16,0,0
BRDA:171,16,1,3
BRDA:172,17,0,0
BRDA:172,17,1,3
BRDA:173,18,0,0
BRDA:173,18,1,3
BRDA:174,19,0,0
BRDA:174,19,1,3
BRDA:175,20,0,0
BRDA:175,20,1,3
BRDA:176,21,0,0
BRDA:176,21,1,3
BRDA:198,22,0,3
BRDA:198,22,1,0
BRDA:199,23,0,3
BRDA:199,23,1,0
BRDA:200,24,0,0
BRDA:200,24,1,3
BRDA:201,25,0,0
BRDA:201,25,1,3
BRDA:221,26,0,0
BRDA:221,26,1,1
BRDA:256,27,0,0
BRDA:256,27,1,2
BRDA:257,28,0,0
BRDA:257,28,1,2
BRDA:258,29,0,0
BRDA:258,29,1,2
BRDA:259,30,0,0
BRDA:259,30,1,2
BRDA:260,31,0,0
BRDA:260,31,1,2
BRDA:281,32,0,0
BRDA:281,32,1,2
BRDA:282,33,0,0
BRDA:282,33,1,2
BRDA:283,34,0,0
BRDA:283,34,1,2
BRDA:284,35,0,0
BRDA:284,35,1,2
BRF:70
BRH:28
end_of_record
TN:
SF:/home/jekyll/Documents/Projects/node-test/utils/Command.js
FN:4,run
FNF:1
FNH:1
FNDA:46,run
DA:1,1
DA:2,1
DA:4,1
DA:5,46
DA:6,46
DA:8,46
DA:9,46
DA:10,46
DA:11,3
DA:12,3
DA:14,43
DA:19,1
LF:12
LH:12
BRDA:10,1,0,3
BRDA:10,1,1,43
BRF:2
BRH:2
end_of_record
